C51 COMPILER V9.60.0.0   CODE                                                              09/28/2020 21:28:02 PAGE 1   


C51 COMPILER V9.60.0.0, COMPILATION OF MODULE CODE
OBJECT MODULE PLACED IN .\Objects\code.obj
COMPILER INVOKED BY: C:\Keil_v5\C51\BIN\C51.EXE code.c OPTIMIZE(8,SPEED) BROWSE DEBUG OBJECTEXTEND PRINT(.\Listings\code
                    -.lst) TABS(2) OBJECT(.\Objects\code.obj)

line level    source

   1          #include <reg51.h>
   2          #define lcdport P2
   3          
   4          sbit rs=P3^0;
   5          sbit rw=P3^1;
   6          sbit en=P3^2;
   7          sbit start= P1^0;
   8          sbit stop= P1^5;
   9          sbit party1=P1^1;  //Candidate1
  10          sbit party2=P1^2;  //Candidate2
  11          sbit party3=P1^3;  //Candidate3
  12          sbit party4=P1^4;  //Candidate4
  13          
  14          void lcdcmd(char);
  15          void lcdint();
  16          void lcddata(char);
  17          void lcdstring(char*);
  18          void delay(unsigned int);
  19          void longdelay(unsigned int);
  20          void dispaly_vote(unsigned int);
  21          void count();
  22          void result();
  23          void check();
  24          unsigned int vote1,vote2,vote3,vote4 ;
  25          char vote_no[4];
  26          
  27          void main() {
  28   1          lcdport = 0x00;
  29   1      
  30   1          party1 = party2 = party3 = party4 = 0;
  31   1          vote1 = vote2 = vote3 = vote4 = 0;
  32   1          start = stop = 0;
  33   1          
  34   1          lcdint();
  35   1          lcdstring("press start ");
  36   1          lcdcmd(0xc0);
  37   1          lcdstring("to initiate");
  38   1          
  39   1          while(1) {
  40   2              if(start == 1) {
  41   3                  lcdcmd(0x84);
  42   3                  lcdcmd(0x01);
  43   3                  lcdstring("WELCOME!!");
  44   3                  longdelay(200);
  45   3                  lcdcmd(0x01);
  46   3                  lcdstring("press any key");
  47   3                  lcdcmd(0xc0);
  48   3                  lcdstring("to vote");
  49   3                  longdelay(200);
  50   3                  lcdcmd(0x01);
  51   3                  lcdstring("BAL");
  52   3                  delay(500);
  53   3                  lcdcmd(0x84);
  54   3                  lcdstring("BNP");
C51 COMPILER V9.60.0.0   CODE                                                              09/28/2020 21:28:02 PAGE 2   

  55   3                  delay(500);
  56   3                  lcdcmd(0x88);
  57   3                  lcdstring("JP");
  58   3                  delay(500);
  59   3                  lcdcmd(0x8C);
  60   3                  lcdstring("WPB");
  61   3                  count();
  62   3                  lcdcmd(0x01);
  63   3                  lcdcmd(0x80);
  64   3                  lcdstring("thank you!!");
  65   3                  longdelay(500);
  66   3                  check();
  67   3              }
  68   2          }
  69   1      }
  70          
  71          void check() {
  72   1          if(party1 == 0 && party2 == 0 && party3 == 0 && party4 == 0) {
  73   2              if(stop != 0) {
  74   3                  while(1)
  75   3                      result();
  76   3              }
  77   2          }
  78   1      }
  79          
  80          void result() {
  81   1          int max = 0, flag = 0;
  82   1          
  83   1          lcdcmd(0x01);
  84   1          lcdstring("BAL");
  85   1          delay(500);
  86   1      
  87   1          lcdcmd(0x84);
  88   1          lcdstring("BNP");
  89   1          delay(500);
  90   1      
  91   1          lcdcmd(0x88);
  92   1          lcdstring("JP");
  93   1          delay(500);
  94   1      
  95   1          lcdcmd(0x8C);
  96   1          lcdstring("WPB");
  97   1          
  98   1          lcdcmd(0xc0);
  99   1          dispaly_vote(vote1);
 100   1      
 101   1          lcdcmd(0xc4);
 102   1          dispaly_vote(vote2);
 103   1      
 104   1          lcdcmd(0xc8);
 105   1          dispaly_vote(vote3);
 106   1      
 107   1          lcdcmd(0xcc);
 108   1          dispaly_vote(vote4);
 109   1      
 110   1          if(vote1 > max)
 111   1        max = vote1;
 112   1          
 113   1          if(vote2 > max)
 114   1        max = vote2;
 115   1      
 116   1          if(vote3 > max)
C51 COMPILER V9.60.0.0   CODE                                                              09/28/2020 21:28:02 PAGE 3   

 117   1        max = vote3;
 118   1      
 119   1          if(vote4 > max)
 120   1        max=vote4;
 121   1      
 122   1          longdelay(500);
 123   1          
 124   1          if ( (vote1 == max) && ( vote2 != max) && (vote3 != max) && (vote4 != max) ) {
 125   2              flag = 1;
 126   2              lcdcmd(0x01);
 127   2              lcdcmd(0x80);
 128   2              lcdstring("BAL");
 129   2              lcdcmd(0xc5);
 130   2              lcdstring("wins");
 131   2              longdelay(500);
 132   2          }
 133   1      
 134   1          if ( (vote2 == max) && ( vote1 != max) && (vote3 != max) && (vote4 != max) ) {
 135   2              flag = 1;
 136   2              lcdcmd(0x01);
 137   2              lcdcmd(0x80);
 138   2              lcdstring("BNP");
 139   2              lcdcmd(0xc5);
 140   2              lcdstring("wins");
 141   2              longdelay(500);
 142   2          }
 143   1      
 144   1          if ( (vote3 == max) && ( vote2 != max) && (vote1 != max) && (vote4 != max) ) {
 145   2              flag = 1;
 146   2              lcdcmd(0x01);
 147   2              lcdcmd(0x80);
 148   2              lcdstring("JP");
 149   2              lcdcmd(0xc5);
 150   2              lcdstring("wins");
 151   2              longdelay(500);
 152   2          }
 153   1      
 154   1          if ( (vote4 == max) && ( vote2 != max) && (vote1 != max) && (vote3 != max) ) {
 155   2              flag = 1;
 156   2              lcdcmd(0x01);
 157   2              lcdcmd(0x80);
 158   2              lcdstring("WPB");
 159   2              lcdcmd(0xc5);
 160   2              lcdstring("wins");
 161   2              longdelay(500);
 162   2          }
 163   1      
 164   1          if(flag == 0) {
 165   2              lcdcmd(0x01);
 166   2              lcdcmd(0x80);
 167   2              lcdstring("clash between");
 168   2              lcdcmd(0xc0);
 169   2              
 170   2        if(vote1 == max)
 171   2            lcdstring("BAL");
 172   2              
 173   2        if(vote2 == max)
 174   2            lcdstring("BNP");
 175   2      
 176   2              if(vote3 == max)
 177   2            lcdstring("JP");
 178   2              
C51 COMPILER V9.60.0.0   CODE                                                              09/28/2020 21:28:02 PAGE 4   

 179   2              if(vote4 == max)
 180   2                  lcdstring("WPB");
 181   2      
 182   2              longdelay(200);
 183   2          }
 184   1      }
 185          
 186          void dispaly_vote(unsigned int vote) {
 187   1          int k, p;
 188   1          for (k = 0; k <= 2; k++) {
 189   2              vote_no[k] = vote % 10;
 190   2              vote = vote / 10;
 191   2          }
 192   1      
 193   1          for (p = 2; p >= 0; p--)
 194   1              lcddata(vote_no[p]+48);
 195   1      }
 196          
 197          void count() {
 198   1          while(party1 == 0 && party2 == 0 && party3 == 0 && party4 == 0);
 199   1      
 200   1          if (party1 == 1)
 201   1              vote1 = vote1 + 1;
 202   1          
 203   1          if (party2 == 1)
 204   1        vote2 = vote2 + 1;
 205   1      
 206   1          if (party3 == 1)
 207   1              vote3 = vote3 + 1;
 208   1      
 209   1          if (party4 == 1)
 210   1              vote4 = vote4 + 1;
 211   1      }
 212          
 213          void delay(unsigned int x) {
 214   1          unsigned int i;
 215   1          for(i=0; i<x; i++);
 216   1      }
 217          
 218          void longdelay(unsigned int u) {
 219   1          unsigned int i,j;
 220   1          for(i=0; i<u; i++)
 221   1              for(j=0; j<1275; j++);
 222   1      }
 223          
 224          void lcdint() {
 225   1          lcdcmd(0x38);
 226   1          delay(500);
 227   1      
 228   1          lcdcmd(0x01);
 229   1          delay(500);
 230   1      
 231   1          lcdcmd(0x0c);
 232   1          delay(500);
 233   1      
 234   1          lcdcmd(0x80);
 235   1          delay(500);
 236   1      
 237   1          lcdcmd(0x0e);
 238   1          delay(500);
 239   1      }
 240          
C51 COMPILER V9.60.0.0   CODE                                                              09/28/2020 21:28:02 PAGE 5   

 241          void lcdcmd(char value) {
 242   1          lcdport = value;
 243   1          rw=0;
 244   1          rs=0;
 245   1          en=1;
 246   1          delay(500);
 247   1          en=0;
 248   1      }
 249          
 250          void lcdstring(char *p) {
 251   1          while(*p != '\0') {
 252   2              lcddata(*p);
 253   2              delay(2000);
 254   2              p++;
 255   2          }
 256   1      }
 257          
 258          void lcddata(char value) {
 259   1          lcdport = value;
 260   1          rs=1;
 261   1          rw=0;
 262   1          en=1;
 263   1          delay(500);
 264   1          en=0;
 265   1      }


MODULE INFORMATION:   STATIC OVERLAYABLE
   CODE SIZE        =   1176    ----
   CONSTANT SIZE    =    103    ----
   XDATA SIZE       =   ----    ----
   PDATA SIZE       =   ----    ----
   DATA SIZE        =     12      11
   IDATA SIZE       =   ----    ----
   BIT SIZE         =   ----    ----
END OF MODULE INFORMATION.


C51 COMPILATION COMPLETE.  0 WARNING(S),  0 ERROR(S)
